<?xml version="1.0" encoding="UTF-8"?>
<testng-results ignored="0" total="1" passed="1" failed="0" skipped="0">
  <reporter-output>
  </reporter-output>
  <suite started-at="2020-11-20T12:08:56 BRT" name="Default suite" finished-at="2020-11-20T12:09:01 BRT" duration-ms="5141">
    <groups>
    </groups>
    <test started-at="2020-11-20T12:08:56 BRT" name="Default test" finished-at="2020-11-20T12:09:01 BRT" duration-ms="5141">
      <class name="br.com.thiagofranca.restassured.TestPut">
        <test-method signature="putNomeProfissao()[pri:0, instance:br.com.thiagofranca.restassured.TestPut@32910148]" started-at="2020-11-20T12:08:56 BRT" name="putNomeProfissao" finished-at="2020-11-20T12:09:01 BRT" duration-ms="5050" status="PASS">
          <reporter-output>
          </reporter-output>
        </test-method> <!-- putNomeProfissao -->
      </class> <!-- br.com.thiagofranca.restassured.TestPut -->
    </test> <!-- Default test -->
  </suite> <!-- Default suite -->
</testng-results>
